<?xml version="1.0" encoding="UTF-8"?>
<testsuite xmlns:xsi="http://www.w3.org/2001/XMLSchema-instance" xsi:noNamespaceSchemaLocation="https://maven.apache.org/surefire/maven-surefire-plugin/xsd/surefire-test-report.xsd" name="io.patska.brownian.AppTest" time="0.025" tests="1" errors="0" skipped="0" failures="0">
  <properties>
    <property name="sun.desktop" value="windows"/>
    <property name="awt.toolkit" value="sun.awt.windows.WToolkit"/>
    <property name="java.specification.version" value="11"/>
    <property name="sun.cpu.isalist" value="amd64"/>
    <property name="sun.jnu.encoding" value="Cp1252"/>
    <property name="java.class.path" value="k:\myself\brownian\target\test-classes;k:\myself\brownian\target\classes;K:\.m2\repository\junit\junit\4.11\junit-4.11.jar;K:\.m2\repository\org\hamcrest\hamcrest-core\1.3\hamcrest-core-1.3.jar;K:\.m2\repository\org\processing\core\3.3.7\core-3.3.7.jar;"/>
    <property name="java.vm.vendor" value="AdoptOpenJDK"/>
    <property name="sun.arch.data.model" value="64"/>
    <property name="user.variant" value=""/>
    <property name="java.vendor.url" value="https://adoptopenjdk.net/"/>
    <property name="user.timezone" value="America/Sao_Paulo"/>
    <property name="java.vm.specification.version" value="11"/>
    <property name="os.name" value="Windows 10"/>
    <property name="sun.java.launcher" value="SUN_STANDARD"/>
    <property name="user.country" value="US"/>
    <property name="sun.boot.library.path" value="C:\Program Files\AdoptOpenJDK\jdk-11.0.8.10-hotspot\bin"/>
    <property name="sun.java.command" value="C:\Users\LENON\AppData\Local\Temp\surefire3895332369457448270\surefirebooter13395525918560566616.jar C:\Users\LENON\AppData\Local\Temp\surefire3895332369457448270 2020-10-14T19-23-26_926-jvmRun1 surefire2954774437719295365tmp surefire_012679137451831390111tmp"/>
    <property name="jdk.debug" value="release"/>
    <property name="surefire.test.class.path" value="k:\myself\brownian\target\test-classes;k:\myself\brownian\target\classes;K:\.m2\repository\junit\junit\4.11\junit-4.11.jar;K:\.m2\repository\org\hamcrest\hamcrest-core\1.3\hamcrest-core-1.3.jar;K:\.m2\repository\org\processing\core\3.3.7\core-3.3.7.jar;"/>
    <property name="sun.cpu.endian" value="little"/>
    <property name="user.home" value="C:\Users\LENON"/>
    <property name="user.language" value="en"/>
    <property name="java.specification.vendor" value="Oracle Corporation"/>
    <property name="java.version.date" value="2020-07-14"/>
    <property name="java.home" value="C:\Program Files\AdoptOpenJDK\jdk-11.0.8.10-hotspot"/>
    <property name="file.separator" value="\"/>
    <property name="basedir" value="k:\myself\brownian"/>
    <property name="java.vm.compressedOopsMode" value="Zero based"/>
    <property name="line.separator" value="&#10;"/>
    <property name="java.specification.name" value="Java Platform API Specification"/>
    <property name="java.vm.specification.vendor" value="Oracle Corporation"/>
    <property name="java.awt.graphicsenv" value="sun.awt.Win32GraphicsEnvironment"/>
    <property name="surefire.real.class.path" value="C:\Users\LENON\AppData\Local\Temp\surefire3895332369457448270\surefirebooter13395525918560566616.jar"/>
    <property name="user.script" value=""/>
    <property name="sun.management.compiler" value="HotSpot 64-Bit Tiered Compilers"/>
    <property name="java.runtime.version" value="11.0.8+10"/>
    <property name="user.name" value="LENON"/>
    <property name="path.separator" value=";"/>
    <property name="os.version" value="10.0"/>
    <property name="java.runtime.name" value="OpenJDK Runtime Environment"/>
    <property name="file.encoding" value="Cp1252"/>
    <property name="java.vm.name" value="OpenJDK 64-Bit Server VM"/>
    <property name="java.vendor.version" value="AdoptOpenJDK"/>
    <property name="localRepository" value="K:\.m2\repository"/>
    <property name="java.vendor.url.bug" value="https://github.com/AdoptOpenJDK/openjdk-support/issues"/>
    <property name="java.io.tmpdir" value="C:\Users\LENON\AppData\Local\Temp\"/>
    <property name="java.version" value="11.0.8"/>
    <property name="user.dir" value="k:\myself\brownian"/>
    <property name="os.arch" value="amd64"/>
    <property name="java.vm.specification.name" value="Java Virtual Machine Specification"/>
    <property name="java.awt.printerjob" value="sun.awt.windows.WPrinterJob"/>
    <property name="sun.os.patch.level" value=""/>
    <property name="java.library.path" value="C:\Program Files\AdoptOpenJDK\jdk-11.0.8.10-hotspot\bin;C:\WINDOWS\Sun\Java\bin;C:\WINDOWS\system32;C:\WINDOWS;C:\Users\LENON\.platformio\penv\Scripts;C:\Users\LENON\.platformio\penv;C:\Users\LENON\.platformio\python3;C:\Program Files\AdoptOpenJDK\jdk-8.0.265.01-hotspot\bin;C:\Program Files\AdoptOpenJDK\jdk-14.0.2.12-hotspot\bin;C:\Program Files\Common Files\Oracle\Java\javapath;C:\Python38\Scripts\;C:\Python38\;C:\Program Files\AdoptOpenJDK\jdk-11.0.8.10-hotspot\bin;C:\Program Files (x86)\NVIDIA Corporation\PhysX\Common;C:\WINDOWS\system32;C:\WINDOWS;C:\WINDOWS\System32\Wbem;C:\WINDOWS\System32\WindowsPowerShell\v1.0\;C:\WINDOWS\System32\OpenSSH\;C:\Program Files\Microsoft VS Code\bin;C:\Program Files\Calibre2\;C:\Program Files\Maven\bin;C:\Program Files\TortoiseSVN\bin;C:\ProgramData\chocolatey\bin;C:\Program Files\nodejs\;C:\Program Files\Git\cmd;C:\cmder\;C:\Program Files\CMake\bin;C:\Program Files\dotnet\;C:\Users\LENON\scoop\shims;C:\Program Files\MySQL\MySQL Shell 8.0\bin\;C:\Users\LENON\.cargo\bin;C:\Users\LENON\AppData\Local\Microsoft\WindowsApps;C:\Users\LENON\.deno\bin;C:\Users\LENON\AppData\Roaming\npm;C:\Users\LENON\AppData\Local\hyper\app-3.0.2\resources\bin;C:\tools\neovim\Neovim\bin;C:\Users\LENON\AppData\Local\Programs\Fiddler;C:\Users\LENON\.dotnet\tools;C:\Users\LENON\AppData\Local\GitHubDesktop\bin;C:\Program Files\AdoptOpenJDK\jdk-8.0.265.01-hotspot\bin;C:\Program Files\AdoptOpenJDK\jdk-14.0.2.12-hotspot\bin;C:\Program Files\Common Files\Oracle\Java\javapath;C:\Python38\Scripts\;C:\Python38\;C:\Program Files\AdoptOpenJDK\jdk-11.0.8.10-hotspot\bin;C:\Program Files (x86)\NVIDIA Corporation\PhysX\Common;C:\WINDOWS\system32;C:\WINDOWS;C:\WINDOWS\System32\Wbem;C:\WINDOWS\System32\WindowsPowerShell\v1.0\;C:\WINDOWS\System32\OpenSSH\;C:\Program Files\Microsoft VS Code\bin;C:\Program Files\Calibre2\;C:\Program Files\Maven\bin;C:\Program Files\TortoiseSVN\bin;C:\ProgramData\chocolatey\bin;C:\Program Files\nodejs\;C:\Program Files\Git\cmd;C:\cmder\;C:\Program Files\CMake\bin;C:\Program Files\dotnet\;C:\Users\LENON\scoop\shims;C:\Program Files\MySQL\MySQL Shell 8.0\bin\;C:\Users\LENON\.cargo\bin;C:\Users\LENON\AppData\Local\Microsoft\WindowsApps;C:\Users\LENON\.deno\bin;C:\Users\LENON\AppData\Roaming\npm;C:\Users\LENON\AppData\Local\hyper\app-3.0.2\resources\bin;C:\tools\neovim\Neovim\bin;C:\Users\LENON\AppData\Local\Programs\Fiddler;C:\Users\LENON\.dotnet\tools;C:\Users\LENON\AppData\Local\GitHubDesktop\bin;C:\Users\LENON\.platformio\penv\Scripts;C:\Users\LENON\.platformio\penv;C:\Users\LENON\.platformio\python3;C:\Program Files\AdoptOpenJDK\jdk-8.0.265.01-hotspot\bin;C:\Program Files\AdoptOpenJDK\jdk-14.0.2.12-hotspot\bin;C:\Program Files\Common Files\Oracle\Java\javapath;C:\Python38\Scripts\;C:\Python38\;C:\Program Files\AdoptOpenJDK\jdk-11.0.8.10-hotspot\bin;C:\Program Files (x86)\NVIDIA Corporation\PhysX\Common;C:\WINDOWS\system32;C:\WINDOWS;C:\WINDOWS\System32\Wbem;C:\WINDOWS\System32\WindowsPowerShell\v1.0\;C:\WINDOWS\System32\OpenSSH\;C:\Program Files\Microsoft VS Code\bin;C:\Program Files\Calibre2\;C:\Program Files\Maven\bin;C:\Program Files\TortoiseSVN\bin;C:\ProgramData\chocolatey\bin;C:\Program Files\nodejs\;C:\Program Files\Git\cmd;C:\cmder\;C:\Program Files\CMake\bin;C:\Program Files\dotnet\;C:\Users\LENON\scoop\shims;C:\Program Files\MySQL\MySQL Shell 8.0\bin\;C:\Users\LENON\.cargo\bin;C:\Users\LENON\AppData\Local\Microsoft\WindowsApps;C:\Users\LENON\.deno\bin;C:\Users\LENON\AppData\Roaming\npm;C:\Users\LENON\AppData\Local\hyper\app-3.0.2\resources\bin;C:\tools\neovim\Neovim\bin;C:\Users\LENON\AppData\Local\Programs\Fiddler;C:\Users\LENON\.dotnet\tools;C:\Users\LENON\AppData\Local\GitHubDesktop\bin;C:\Program Files\AdoptOpenJDK\jdk-8.0.265.01-hotspot\bin;C:\Program Files\AdoptOpenJDK\jdk-14.0.2.12-hotspot\bin;C:\Program Files\Common Files\Oracle\Java\javapath;C:\Python38\Scripts\;C:\Python38\;C:\Program Files\AdoptOpenJDK\jdk-11.0.8.10-hotspot\bin;C:\Program Files (x86)\NVIDIA Corporation\PhysX\Common;C:\WINDOWS\system32;C:\WINDOWS;C:\WINDOWS\System32\Wbem;C:\WINDOWS\System32\WindowsPowerShell\v1.0\;C:\WINDOWS\System32\OpenSSH\;C:\Program Files\Microsoft VS Code\bin;C:\Program Files\Calibre2\;C:\Program Files\Maven\bin;C:\Program Files\TortoiseSVN\bin;C:\ProgramData\chocolatey\bin;C:\Program Files\nodejs\;C:\Program Files\Git\cmd;C:\cmder\;C:\Program Files\CMake\bin;C:\Program Files\dotnet\;C:\Users\LENON\scoop\shims;C:\Program Files\MySQL\MySQL Shell 8.0\bin\;C:\Users\LENON\.cargo\bin;C:\Users\LENON\AppData\Local\Microsoft\WindowsApps;C:\Users\LENON\.deno\bin;C:\Users\LENON\AppData\Roaming\npm;C:\Users\LENON\AppData\Local\hyper\app-3.0.2\resources\bin;C:\tools\neovim\Neovim\bin;C:\Users\LENON\AppData\Local\Programs\Fiddler;C:\Users\LENON\.dotnet\tools;C:\Users\LENON\AppData\Local\GitHubDesktop\bin;."/>
    <property name="java.vm.info" value="mixed mode"/>
    <property name="java.vendor" value="AdoptOpenJDK"/>
    <property name="java.vm.version" value="11.0.8+10"/>
    <property name="sun.io.unicode.encoding" value="UnicodeLittle"/>
    <property name="java.class.version" value="55.0"/>
  </properties>
  <testcase name="shouldAnswerWithTrue" classname="io.patska.brownian.AppTest" time="0.001"/>
</testsuite>